

Started GET "/assets/rails.png" for 127.0.0.1 at 2012-04-30 11:39:36 -0400
Served asset /rails.png - 200 OK (17ms)


Started GET "/rails/info/properties" for 127.0.0.1 at 2012-04-30 11:39:38 -0400
Processing by Rails::InfoController#properties as HTML
  Rendered inline template (4.8ms)
Completed 200 OK in 52ms (Views: 51.6ms | ActiveRecord: 0.0ms)


Started GET "/rails/info/properties" for 127.0.0.1 at 2012-04-30 11:39:40 -0400
Processing by Rails::InfoController#properties as HTML
  Rendered inline template (0.3ms)
Completed 200 OK in 1ms (Views: 0.7ms | ActiveRecord: 0.0ms)


Started GET "/" for 127.0.0.1 at 2012-04-30 11:45:09 -0400
Processing by MainController#index as HTML
  Rendered main/index.html.erb within layouts/application (1.9ms)
Compiled main.css  (33ms)  (pid 3246)
Compiled application.css  (54ms)  (pid 3246)
Compiled main.js  (109ms)  (pid 3246)
Compiled application.js  (116ms)  (pid 3246)
Completed 200 OK in 217ms (Views: 216.4ms | ActiveRecord: 0.0ms)


Started GET "/assets/application.css?body=1" for 127.0.0.1 at 2012-04-30 11:45:09 -0400
Served asset /application.css - 200 OK (33ms)


Started GET "/assets/main.css?body=1" for 127.0.0.1 at 2012-04-30 11:45:09 -0400
Served asset /main.css - 200 OK (1ms)


Started GET "/assets/main.js?body=1" for 127.0.0.1 at 2012-04-30 11:45:09 -0400
Served asset /main.js - 200 OK (1ms)


Started GET "/assets/application.js?body=1" for 127.0.0.1 at 2012-04-30 11:45:09 -0400
Served asset /application.js - 200 OK (2ms)
